<?xml version="1.0" encoding="UTF-8"?>
<!-- Generated by org.testng.reporters.JUnitXMLReporter -->
<testsuite ignored="1" hostname="LAPTOP-TQC78CC8" failures="1" tests="3" name="Test" time="116.923" errors="0" timestamp="2022-08-18T12:38:31 IST">
  <testcase classname="com.twitter.test.RequestFollowTest" name="signinTwitter" time="36.04"/>
  <testcase classname="com.twitter.test.RequestFollowTest" name="logoutTwitter" time="12.929">
    <failure type="org.openqa.selenium.ElementClickInterceptedException" message="element click intercepted: Element &amp;lt;input aria-activedescendant=&amp;quot;typeaheadFocus-0.16675786014320404&amp;quot; aria-autocomplete=&amp;quot;list&amp;quot; aria-label=&amp;quot;Search query&amp;quot; aria-owns=&amp;quot;typeaheadDropdown-1&amp;quot; autocapitalize=&amp;quot;sentences&amp;quot; autocomplete=&amp;quot;off&amp;quot; autocorrect=&amp;quot;off&amp;quot; placeholder=&amp;quot;Search Twitter&amp;quot; role=&amp;quot;combobox&amp;quot; spellcheck=&amp;quot;false&amp;quot; enterkeyhint=&amp;quot;search&amp;quot; type=&amp;quot;text&amp;quot; dir=&amp;quot;auto&amp;quot; class=&amp;quot;r-30o5oe r-1niwhzg r-17gur6a r-1yadl64 r-deolkf r-homxoj r-poiln3 r-7cikom r-1ny4l3l r-xyw6el r-y0fyvk r-1dz5y72 r-fdjqy7 r-13qz1uu&amp;quot; data-testid=&amp;quot;SearchBox_Search_Input&amp;quot; value=&amp;quot;&amp;quot;&amp;gt; is not clickable at point (1144, 26). Other element would receive the click: &amp;lt;div class=&amp;quot;css-1dbjc4n r-1ffj0ar r-1p0dtai r-1d2f490 r-1xcajam r-zchlnj r-ipm5af&amp;quot;&amp;gt;&amp;lt;/div&amp;gt;
  (Session info: chrome=104.0.5112.81)
Build info: version: &amp;apos;3.141.59&amp;apos;, revision: &amp;apos;e82be7d358&amp;apos;, time: &amp;apos;2018-11-14T08:17:03&amp;apos;
System info: host: &amp;apos;LAPTOP-TQC78CC8&amp;apos;, ip: &amp;apos;192.168.82.212&amp;apos;, os.name: &amp;apos;Windows 10&amp;apos;, os.arch: &amp;apos;amd64&amp;apos;, os.version: &amp;apos;10.0&amp;apos;, java.version: &amp;apos;15.0.2&amp;apos;
Driver info: org.openqa.selenium.chrome.ChromeDriver
Capabilities {acceptInsecureCerts: false, browserName: chrome, browserVersion: 104.0.5112.81, chrome: {chromedriverVersion: 104.0.5112.79 (3cf3e8c8a07d..., userDataDir: C:\Users\nares\AppData\Loca...}, goog:chromeOptions: {debuggerAddress: localhost:54003}, javascriptEnabled: true, networkConnectionEnabled: false, pageLoadStrategy: normal, platform: WINDOWS, platformName: WINDOWS, proxy: Proxy(), setWindowRect: true, strictFileInteractability: false, timeouts: {implicit: 0, pageLoad: 300000, script: 30000}, unhandledPromptBehavior: dismiss and notify, webauthn:extension:credBlob: true, webauthn:extension:largeBlob: true, webauthn:virtualAuthenticators: true}
Session ID: d9b40d3cad30ecbb9316197ba376d7a2">
      <![CDATA[org.openqa.selenium.ElementClickInterceptedException: element click intercepted: Element <input aria-activedescendant="typeaheadFocus-0.16675786014320404" aria-autocomplete="list" aria-label="Search query" aria-owns="typeaheadDropdown-1" autocapitalize="sentences" autocomplete="off" autocorrect="off" placeholder="Search Twitter" role="combobox" spellcheck="false" enterkeyhint="search" type="text" dir="auto" class="r-30o5oe r-1niwhzg r-17gur6a r-1yadl64 r-deolkf r-homxoj r-poiln3 r-7cikom r-1ny4l3l r-xyw6el r-y0fyvk r-1dz5y72 r-fdjqy7 r-13qz1uu" data-testid="SearchBox_Search_Input" value=""> is not clickable at point (1144, 26). Other element would receive the click: <div class="css-1dbjc4n r-1ffj0ar r-1p0dtai r-1d2f490 r-1xcajam r-zchlnj r-ipm5af"></div>
  (Session info: chrome=104.0.5112.81)
Build info: version: '3.141.59', revision: 'e82be7d358', time: '2018-11-14T08:17:03'
System info: host: 'LAPTOP-TQC78CC8', ip: '192.168.82.212', os.name: 'Windows 10', os.arch: 'amd64', os.version: '10.0', java.version: '15.0.2'
Driver info: org.openqa.selenium.chrome.ChromeDriver
Capabilities {acceptInsecureCerts: false, browserName: chrome, browserVersion: 104.0.5112.81, chrome: {chromedriverVersion: 104.0.5112.79 (3cf3e8c8a07d..., userDataDir: C:\Users\nares\AppData\Loca...}, goog:chromeOptions: {debuggerAddress: localhost:54003}, javascriptEnabled: true, networkConnectionEnabled: false, pageLoadStrategy: normal, platform: WINDOWS, platformName: WINDOWS, proxy: Proxy(), setWindowRect: true, strictFileInteractability: false, timeouts: {implicit: 0, pageLoad: 300000, script: 30000}, unhandledPromptBehavior: dismiss and notify, webauthn:extension:credBlob: true, webauthn:extension:largeBlob: true, webauthn:virtualAuthenticators: true}
Session ID: d9b40d3cad30ecbb9316197ba376d7a2
at org.openqa.selenium.remote.http.W3CHttpResponseCodec.createException(W3CHttpResponseCodec.java:187)
at org.openqa.selenium.remote.http.W3CHttpResponseCodec.decode(W3CHttpResponseCodec.java:122)
at org.openqa.selenium.remote.http.W3CHttpResponseCodec.decode(W3CHttpResponseCodec.java:49)
at org.openqa.selenium.remote.HttpCommandExecutor.execute(HttpCommandExecutor.java:158)
at org.openqa.selenium.remote.service.DriverCommandExecutor.execute(DriverCommandExecutor.java:83)
at org.openqa.selenium.remote.RemoteWebDriver.execute(RemoteWebDriver.java:552)
at org.openqa.selenium.remote.RemoteWebElement.execute(RemoteWebElement.java:285)
at org.openqa.selenium.remote.RemoteWebElement.click(RemoteWebElement.java:84)
at org.openqa.selenium.support.pagefactory.internal.LocatingElementHandler.invoke(LocatingElementHandler.java:51)
at com.sun.proxy.$Proxy13.click(Unknown Source)
at com.twitter.page.RequestFollowPage.setSearch(RequestFollowPage.java:53)
at com.twitter.test.RequestFollowTest.logoutTwitter(RequestFollowTest.java:61)
at java.base/java.util.ArrayList.forEach(ArrayList.java:1511)
... Removed 36 stack frames]]>
    </failure>
  </testcase> <!-- logoutTwitter -->
  <testcase classname="com.twitter.test.LoginTest" name="signinTwitter" time="37.403"/>
  <testcase classname="com.twitter.test.BaseTest" name="@BeforeSuite initmethod" time="0.0">
    <ignored/>
  </testcase> <!-- @BeforeSuite initmethod -->
</testsuite> <!-- Test -->
